{"level":"info","message":"Server listening at port 5000","timestamp":"2019-04-12T01:12:00.537Z"}
{"message":"database \"$(whoami)\" does not exist","stack":"error: database \"$(whoami)\" does not exist\n    at Connection.parseE (/Users/gabriellecrivera/Documents/meng/6.894/Game-of-Thrones-Map/node_modules/pg/lib/connection.js:546:11)\n    at Connection.parseMessage (/Users/gabriellecrivera/Documents/meng/6.894/Game-of-Thrones-Map/node_modules/pg/lib/connection.js:371:19)\n    at Socket.<anonymous> (/Users/gabriellecrivera/Documents/meng/6.894/Game-of-Thrones-Map/node_modules/pg/lib/connection.js:114:22)\n    at Socket.emit (events.js:197:13)\n    at addChunk (_stream_readable.js:288:12)\n    at readableAddChunk (_stream_readable.js:269:11)\n    at Socket.Readable.push (_stream_readable.js:224:10)\n    at TCP.onStreamRead [as onread] (internal/stream_base_commons.js:145:17)","name":"error","length":94,"severity":"FATAL","code":"3D000","file":"postinit.c","line":"853","routine":"InitPostgres","level":"error","timestamp":"2019-04-12T01:12:00.550Z"}
{"level":"info","message":"Server listening at port 5000","timestamp":"2019-04-12T01:14:30.863Z"}
{"level":"info","message":"Connected To gabriellecrivera at localhost:5432","timestamp":"2019-04-12T01:14:30.876Z"}
{"level":"info","message":"Server listening at port 5000","timestamp":"2019-04-12T01:15:42.176Z"}
{"message":"The server does not support SSL connections","stack":"Error: The server does not support SSL connections\n    at Socket.<anonymous> (/Users/gabriellecrivera/Documents/meng/6.894/Game-of-Thrones-Map/node_modules/pg/lib/connection.js:85:33)\n    at Object.onceWrapper (events.js:285:13)\n    at Socket.emit (events.js:197:13)\n    at addChunk (_stream_readable.js:288:12)\n    at readableAddChunk (_stream_readable.js:269:11)\n    at Socket.Readable.push (_stream_readable.js:224:10)\n    at TCP.onStreamRead [as onread] (internal/stream_base_commons.js:145:17)","level":"error","timestamp":"2019-04-12T01:15:42.187Z"}
{"level":"info","message":"Server listening at port 5000","timestamp":"2019-04-12T01:16:08.887Z"}
{"message":"The server does not support SSL connections","stack":"Error: The server does not support SSL connections\n    at Socket.<anonymous> (/Users/gabriellecrivera/Documents/meng/6.894/Game-of-Thrones-Map/node_modules/pg/lib/connection.js:85:33)\n    at Object.onceWrapper (events.js:285:13)\n    at Socket.emit (events.js:197:13)\n    at addChunk (_stream_readable.js:288:12)\n    at readableAddChunk (_stream_readable.js:269:11)\n    at Socket.Readable.push (_stream_readable.js:224:10)\n    at TCP.onStreamRead [as onread] (internal/stream_base_commons.js:145:17)","level":"error","timestamp":"2019-04-12T01:16:08.899Z"}
{"level":"info","message":"Server listening at port 5000","timestamp":"2019-04-12T01:20:09.498Z"}
{"message":"The server does not support SSL connections","stack":"Error: The server does not support SSL connections\n    at Socket.<anonymous> (/Users/gabriellecrivera/Documents/meng/6.894/Game-of-Thrones-Map/node_modules/pg/lib/connection.js:85:33)\n    at Object.onceWrapper (events.js:285:13)\n    at Socket.emit (events.js:197:13)\n    at addChunk (_stream_readable.js:288:12)\n    at readableAddChunk (_stream_readable.js:269:11)\n    at Socket.Readable.push (_stream_readable.js:224:10)\n    at TCP.onStreamRead [as onread] (internal/stream_base_commons.js:145:17)","level":"error","timestamp":"2019-04-12T01:20:09.510Z"}
{"level":"info","message":"Server listening at port 5000","timestamp":"2019-04-12T01:27:20.716Z"}
{"message":"The server does not support SSL connections","stack":"Error: The server does not support SSL connections\n    at Socket.<anonymous> (/Users/gabriellecrivera/Documents/meng/6.894/Game-of-Thrones-Map/node_modules/pg/lib/connection.js:85:33)\n    at Object.onceWrapper (events.js:285:13)\n    at Socket.emit (events.js:197:13)\n    at addChunk (_stream_readable.js:288:12)\n    at readableAddChunk (_stream_readable.js:269:11)\n    at Socket.Readable.push (_stream_readable.js:224:10)\n    at TCP.onStreamRead [as onread] (internal/stream_base_commons.js:145:17)","level":"error","timestamp":"2019-04-12T01:27:20.728Z"}
{"level":"info","message":"Server listening at port 5000","timestamp":"2019-04-12T01:29:30.653Z"}
{"message":"The server does not support SSL connections","stack":"Error: The server does not support SSL connections\n    at Socket.<anonymous> (/Users/gabriellecrivera/Documents/meng/6.894/Game-of-Thrones-Map/node_modules/pg/lib/connection.js:85:33)\n    at Object.onceWrapper (events.js:285:13)\n    at Socket.emit (events.js:197:13)\n    at addChunk (_stream_readable.js:288:12)\n    at readableAddChunk (_stream_readable.js:269:11)\n    at Socket.Readable.push (_stream_readable.js:224:10)\n    at TCP.onStreamRead [as onread] (internal/stream_base_commons.js:145:17)","level":"error","timestamp":"2019-04-12T01:29:30.663Z"}
{"level":"info","message":"Server listening at port 5000","timestamp":"2019-04-12T01:29:45.842Z"}
{"message":"The server does not support SSL connections","stack":"Error: The server does not support SSL connections\n    at Socket.<anonymous> (/Users/gabriellecrivera/Documents/meng/6.894/Game-of-Thrones-Map/node_modules/pg/lib/connection.js:85:33)\n    at Object.onceWrapper (events.js:285:13)\n    at Socket.emit (events.js:197:13)\n    at addChunk (_stream_readable.js:288:12)\n    at readableAddChunk (_stream_readable.js:269:11)\n    at Socket.Readable.push (_stream_readable.js:224:10)\n    at TCP.onStreamRead [as onread] (internal/stream_base_commons.js:145:17)","level":"error","timestamp":"2019-04-12T01:29:45.852Z"}
{"level":"info","message":"Server listening at port 5000","timestamp":"2019-04-12T01:30:15.680Z"}
{"message":"The server does not support SSL connections","stack":"Error: The server does not support SSL connections\n    at Socket.<anonymous> (/Users/gabriellecrivera/Documents/meng/6.894/Game-of-Thrones-Map/node_modules/pg/lib/connection.js:85:33)\n    at Object.onceWrapper (events.js:285:13)\n    at Socket.emit (events.js:197:13)\n    at addChunk (_stream_readable.js:288:12)\n    at readableAddChunk (_stream_readable.js:269:11)\n    at Socket.Readable.push (_stream_readable.js:224:10)\n    at TCP.onStreamRead [as onread] (internal/stream_base_commons.js:145:17)","level":"error","timestamp":"2019-04-12T01:30:15.690Z"}
{"level":"info","message":"Server listening at port 5000","timestamp":"2019-04-12T01:31:06.654Z"}
{"message":"no pg_hba.conf entry for host \"73.149.246.140\", user \"ntmuowfdmifwtt\", database \"d4j8ub4fb6lq7r\", SSL off","stack":"error: no pg_hba.conf entry for host \"73.149.246.140\", user \"ntmuowfdmifwtt\", database \"d4j8ub4fb6lq7r\", SSL off\n    at Connection.parseE (/Users/gabriellecrivera/Documents/meng/6.894/Game-of-Thrones-Map/node_modules/pg/lib/connection.js:546:11)\n    at Connection.parseMessage (/Users/gabriellecrivera/Documents/meng/6.894/Game-of-Thrones-Map/node_modules/pg/lib/connection.js:371:19)\n    at Socket.<anonymous> (/Users/gabriellecrivera/Documents/meng/6.894/Game-of-Thrones-Map/node_modules/pg/lib/connection.js:114:22)\n    at Socket.emit (events.js:197:13)\n    at addChunk (_stream_readable.js:288:12)\n    at readableAddChunk (_stream_readable.js:269:11)\n    at Socket.Readable.push (_stream_readable.js:224:10)\n    at TCP.onStreamRead [as onread] (internal/stream_base_commons.js:145:17)","name":"error","length":168,"severity":"FATAL","code":"28000","file":"auth.c","line":"512","routine":"ClientAuthentication","level":"error","timestamp":"2019-04-12T01:31:06.765Z"}
{"level":"info","message":"Server listening at port 5000","timestamp":"2019-04-12T01:31:20.375Z"}
{"level":"info","message":"Connected To d4j8ub4fb6lq7r at ec2-184-73-210-189.compute-1.amazonaws.com:5432","timestamp":"2019-04-12T01:31:20.697Z"}
{"level":"info","message":"Server listening at port 5000","timestamp":"2019-04-12T01:32:07.370Z"}
{"level":"info","message":"Connected To d4j8ub4fb6lq7r at ec2-184-73-210-189.compute-1.amazonaws.com:5432","timestamp":"2019-04-12T01:32:07.772Z"}
{"level":"info","message":"Server listening at port 5000","timestamp":"2019-04-12T01:32:52.906Z"}
{"level":"info","message":"Connected To d4j8ub4fb6lq7r at ec2-184-73-210-189.compute-1.amazonaws.com:5432","timestamp":"2019-04-12T01:32:53.227Z"}
{"level":"info","message":"Server listening at port 5000","timestamp":"2019-04-12T01:33:09.563Z"}
{"message":"no pg_hba.conf entry for host \"73.149.246.140\", user \"ntmuowfdmifwtt\", database \"d4j8ub4fb6lq7r\", SSL off","stack":"error: no pg_hba.conf entry for host \"73.149.246.140\", user \"ntmuowfdmifwtt\", database \"d4j8ub4fb6lq7r\", SSL off\n    at Connection.parseE (/Users/gabriellecrivera/Documents/meng/6.894/Game-of-Thrones-Map/node_modules/pg/lib/connection.js:546:11)\n    at Connection.parseMessage (/Users/gabriellecrivera/Documents/meng/6.894/Game-of-Thrones-Map/node_modules/pg/lib/connection.js:371:19)\n    at Socket.<anonymous> (/Users/gabriellecrivera/Documents/meng/6.894/Game-of-Thrones-Map/node_modules/pg/lib/connection.js:114:22)\n    at Socket.emit (events.js:197:13)\n    at addChunk (_stream_readable.js:288:12)\n    at readableAddChunk (_stream_readable.js:269:11)\n    at Socket.Readable.push (_stream_readable.js:224:10)\n    at TCP.onStreamRead [as onread] (internal/stream_base_commons.js:145:17)","name":"error","length":168,"severity":"FATAL","code":"28000","file":"auth.c","line":"512","routine":"ClientAuthentication","level":"error","timestamp":"2019-04-12T01:33:09.669Z"}
{"level":"info","message":"Server listening at port 5000","timestamp":"2019-04-12T01:35:05.705Z"}
{"level":"info","message":"Connected To d4j8ub4fb6lq7r at ec2-184-73-210-189.compute-1.amazonaws.com:5432","timestamp":"2019-04-12T01:35:06.081Z"}
{"level":"info","message":"Server listening at port 5000","timestamp":"2019-04-12T01:35:34.024Z"}
{"level":"info","message":"Connected To d4j8ub4fb6lq7r at ec2-184-73-210-189.compute-1.amazonaws.com:5432","timestamp":"2019-04-12T01:35:34.206Z"}
{"level":"info","message":"Server listening at port 5000","timestamp":"2019-04-12T01:36:34.811Z"}
{"level":"info","message":"Connected To d4j8ub4fb6lq7r at ec2-184-73-210-189.compute-1.amazonaws.com:5432","timestamp":"2019-04-12T01:36:35.041Z"}
{"level":"info","message":"GET 200 /hello - 628 ms","timestamp":"2019-04-12T01:36:46.618Z"}
{"level":"info","message":"GET 404 /favicon.ico - 0 ms","timestamp":"2019-04-12T01:36:46.760Z"}
{"level":"info","message":"GET 200 /time - 1653 ms","timestamp":"2019-04-12T01:39:05.098Z"}
{"level":"info","message":"GET 200 /kingdoms - 4272 ms","timestamp":"2019-04-12T01:44:31.834Z"}
